OPEN-DOC
OPEN-DOCNO
HYPHENATED(LA010190-0001)
CLOSE-DOCNO
OPEN-DOCID
NUMBER(156144)
CLOSE-DOCID
OPEN-DATE
OPEN-P
WORD(January)
NUMBER(1)
PUNCTUATION(,)
NUMBER(1990)
PUNCTUATION(,)
WORD(Monday)
PUNCTUATION(,)
WORD(Home)
WORD(Edition)
CLOSE-P
CLOSE-DATE
OPEN-SECTION
OPEN-P
WORD(Metro)
PUNCTUATION(;)
WORD(Part)
WORD(B)
PUNCTUATION(;)
WORD(Page)
NUMBER(1)
PUNCTUATION(;)
WORD(Column)
NUMBER(1)
PUNCTUATION(;)
WORD(Metro)
WORD(Desk)
CLOSE-P
CLOSE-SECTION
OPEN-LENGTH
OPEN-P
NUMBER(85)
WORD(words)
CLOSE-P
CLOSE-LENGTH
OPEN-HEADLINE
OPEN-P
